<?xml version="1.0" encoding="UTF-8"?>
<!-- Generated by org.testng.reporters.JUnitReportReporter -->
<testsuite skipped="0" hostname="Asheesh" name="com.smoke.US_12345" tests="2" failures="0" timestamp="12 Feb 2018 07:05:13 GMT" time="0.043" errors="0">
  <testcase name="TC_004" time="0.014" classname="com.smoke.US_12345"/>
  <testcase name="TC_003" time="0.029" classname="com.smoke.US_12345"/>
</testsuite> <!-- com.smoke.US_12345 -->
