<?xml version="1.0" encoding="UTF-8"?>
<!-- Generated by org.testng.reporters.JUnitReportReporter -->
<testsuite skipped="0" hostname="Asheesh" name="com.regression.US_1234" tests="2" failures="0" timestamp="03 Feb 2018 19:36:07 GMT" time="0.033" errors="0">
  <testcase name="TC_001" time="0.026" classname="com.regression.US_1234"/>
  <testcase name="TC_002" time="0.007" classname="com.regression.US_1234"/>
</testsuite> <!-- com.regression.US_1234 -->
