<?xml version="1.0" encoding="UTF-8"?>
<!-- Generated by org.testng.reporters.JUnitReportReporter -->
<testsuite skipped="0" hostname="Asheesh" name="com.regression.Tc" tests="2" failures="0" timestamp="03 Feb 2018 19:36:07 GMT" time="0.010" errors="0">
  <testcase name="TC_005" time="0.005" classname="com.regression.Tc"/>
  <testcase name="TC_006" time="0.005" classname="com.regression.Tc"/>
</testsuite> <!-- com.regression.Tc -->
